<?xml version="1.0" encoding="UTF-8"?>
<!-- Generated by org.testng.reporters.JUnitXMLReporter -->
<testsuite hostname="LAPTOP-ADGEFVIO" ignored="0" name="Default test" tests="1" failures="1" timestamp="21 Jun 2020 05:40:13 GMT" time="10.333" errors="0">
  <testcase name="addition" time="1.604" classname="calculator_xendit.test.onlinecalculator_positivetest">
    <failure type="java.lang.AssertionError" message="expected [BufferedImage@265bd546: type = 6 ColorModel: #pixelBits = 32 numComponents = 4 color space = java.awt.color.ICC_ColorSpace@1937eaff transparency = 3 has alpha = true isAlphaPre = false ByteInterleavedRaster: width = 1349 height = 490 #numDataElements 4 dataOff[0] = 3] but found [BufferedImage@7e0bc8a3: type = 6 ColorModel: #pixelBits = 32 numComponents = 4 color space = java.awt.color.ICC_ColorSpace@1937eaff transparency = 3 has alpha = true isAlphaPre = false ByteInterleavedRaster: width = 1349 height = 490 #numDataElements 4 dataOff[0] = 3]">
      <![CDATA[java.lang.AssertionError: expected [BufferedImage@265bd546: type = 6 ColorModel: #pixelBits = 32 numComponents = 4 color space = java.awt.color.ICC_ColorSpace@1937eaff transparency = 3 has alpha = true isAlphaPre = false ByteInterleavedRaster: width = 1349 height = 490 #numDataElements 4 dataOff[0] = 3] but found [BufferedImage@7e0bc8a3: type = 6 ColorModel: #pixelBits = 32 numComponents = 4 color space = java.awt.color.ICC_ColorSpace@1937eaff transparency = 3 has alpha = true isAlphaPre = false ByteInterleavedRaster: width = 1349 height = 490 #numDataElements 4 dataOff[0] = 3]
at org.testng.Assert.fail(Assert.java:96)
at org.testng.Assert.failNotEquals(Assert.java:776)
at org.testng.Assert.assertEqualsImpl(Assert.java:137)
at org.testng.Assert.assertEquals(Assert.java:118)
at org.testng.Assert.assertEquals(Assert.java:442)
at calculator_xendit.test.onlinecalculator_positivetest.addition(onlinecalculator_positivetest.java:71)
at sun.reflect.NativeMethodAccessorImpl.invoke0(Native Method)
at sun.reflect.NativeMethodAccessorImpl.invoke(Unknown Source)
at sun.reflect.DelegatingMethodAccessorImpl.invoke(Unknown Source)
at java.lang.reflect.Method.invoke(Unknown Source)
at org.testng.internal.MethodInvocationHelper.invokeMethod(MethodInvocationHelper.java:124)
at org.testng.internal.Invoker.invokeMethod(Invoker.java:583)
at org.testng.internal.Invoker.invokeTestMethod(Invoker.java:719)
at org.testng.internal.Invoker.invokeTestMethods(Invoker.java:989)
at org.testng.internal.TestMethodWorker.invokeTestMethods(TestMethodWorker.java:125)
at org.testng.internal.TestMethodWorker.run(TestMethodWorker.java:109)
at org.testng.TestRunner.privateRun(TestRunner.java:648)
at org.testng.TestRunner.run(TestRunner.java:505)
at org.testng.SuiteRunner.runTest(SuiteRunner.java:455)
at org.testng.SuiteRunner.runSequentially(SuiteRunner.java:450)
at org.testng.SuiteRunner.privateRun(SuiteRunner.java:415)
at org.testng.SuiteRunner.run(SuiteRunner.java:364)
at org.testng.SuiteRunnerWorker.runSuite(SuiteRunnerWorker.java:52)
at org.testng.SuiteRunnerWorker.run(SuiteRunnerWorker.java:84)
at org.testng.TestNG.runSuitesSequentially(TestNG.java:1208)
at org.testng.TestNG.runSuitesLocally(TestNG.java:1137)
at org.testng.TestNG.runSuites(TestNG.java:1049)
at org.testng.TestNG.run(TestNG.java:1017)
at org.testng.remote.AbstractRemoteTestNG.run(AbstractRemoteTestNG.java:115)
at org.testng.remote.RemoteTestNG.initAndRun(RemoteTestNG.java:251)
at org.testng.remote.RemoteTestNG.main(RemoteTestNG.java:77)
]]>
    </failure>
  </testcase> <!-- addition -->
</testsuite> <!-- Default test -->
