<?xml version="1.0" encoding="UTF-8"?>
<testng-results skipped="0" failed="1" ignored="0" total="1" passed="0">
  <reporter-output>
  </reporter-output>
  <suite name="Default suite" duration-ms="10333" started-at="2020-06-21T05:40:02Z" finished-at="2020-06-21T05:40:13Z">
    <groups>
    </groups>
    <test name="Default test" duration-ms="10333" started-at="2020-06-21T05:40:02Z" finished-at="2020-06-21T05:40:13Z">
      <class name="calculator_xendit.test.onlinecalculator_positivetest">
        <test-method status="PASS" signature="setUp()[pri:0, instance:calculator_xendit.test.onlinecalculator_positivetest@4721d212]" name="setUp" is-config="true" duration-ms="7911" started-at="2020-06-21T05:40:02Z" finished-at="2020-06-21T05:40:10Z">
          <reporter-output>
          </reporter-output>
        </test-method> <!-- setUp -->
        <test-method status="FAIL" signature="addition()[pri:0, instance:calculator_xendit.test.onlinecalculator_positivetest@4721d212]" name="addition" duration-ms="1604" started-at="2020-06-21T05:40:10Z" finished-at="2020-06-21T05:40:12Z">
          <exception class="java.lang.AssertionError">
            <message>
              <![CDATA[expected [BufferedImage@265bd546: type = 6 ColorModel: #pixelBits = 32 numComponents = 4 color space = java.awt.color.ICC_ColorSpace@1937eaff transparency = 3 has alpha = true isAlphaPre = false ByteInterleavedRaster: width = 1349 height = 490 #numDataElements 4 dataOff[0] = 3] but found [BufferedImage@7e0bc8a3: type = 6 ColorModel: #pixelBits = 32 numComponents = 4 color space = java.awt.color.ICC_ColorSpace@1937eaff transparency = 3 has alpha = true isAlphaPre = false ByteInterleavedRaster: width = 1349 height = 490 #numDataElements 4 dataOff[0] = 3]]]>
            </message>
            <full-stacktrace>
              <![CDATA[java.lang.AssertionError: expected [BufferedImage@265bd546: type = 6 ColorModel: #pixelBits = 32 numComponents = 4 color space = java.awt.color.ICC_ColorSpace@1937eaff transparency = 3 has alpha = true isAlphaPre = false ByteInterleavedRaster: width = 1349 height = 490 #numDataElements 4 dataOff[0] = 3] but found [BufferedImage@7e0bc8a3: type = 6 ColorModel: #pixelBits = 32 numComponents = 4 color space = java.awt.color.ICC_ColorSpace@1937eaff transparency = 3 has alpha = true isAlphaPre = false ByteInterleavedRaster: width = 1349 height = 490 #numDataElements 4 dataOff[0] = 3]
at org.testng.Assert.fail(Assert.java:96)
at org.testng.Assert.failNotEquals(Assert.java:776)
at org.testng.Assert.assertEqualsImpl(Assert.java:137)
at org.testng.Assert.assertEquals(Assert.java:118)
at org.testng.Assert.assertEquals(Assert.java:442)
at calculator_xendit.test.onlinecalculator_positivetest.addition(onlinecalculator_positivetest.java:71)
at sun.reflect.NativeMethodAccessorImpl.invoke0(Native Method)
at sun.reflect.NativeMethodAccessorImpl.invoke(Unknown Source)
at sun.reflect.DelegatingMethodAccessorImpl.invoke(Unknown Source)
at java.lang.reflect.Method.invoke(Unknown Source)
at org.testng.internal.MethodInvocationHelper.invokeMethod(MethodInvocationHelper.java:124)
at org.testng.internal.Invoker.invokeMethod(Invoker.java:583)
at org.testng.internal.Invoker.invokeTestMethod(Invoker.java:719)
at org.testng.internal.Invoker.invokeTestMethods(Invoker.java:989)
at org.testng.internal.TestMethodWorker.invokeTestMethods(TestMethodWorker.java:125)
at org.testng.internal.TestMethodWorker.run(TestMethodWorker.java:109)
at org.testng.TestRunner.privateRun(TestRunner.java:648)
at org.testng.TestRunner.run(TestRunner.java:505)
at org.testng.SuiteRunner.runTest(SuiteRunner.java:455)
at org.testng.SuiteRunner.runSequentially(SuiteRunner.java:450)
at org.testng.SuiteRunner.privateRun(SuiteRunner.java:415)
at org.testng.SuiteRunner.run(SuiteRunner.java:364)
at org.testng.SuiteRunnerWorker.runSuite(SuiteRunnerWorker.java:52)
at org.testng.SuiteRunnerWorker.run(SuiteRunnerWorker.java:84)
at org.testng.TestNG.runSuitesSequentially(TestNG.java:1208)
at org.testng.TestNG.runSuitesLocally(TestNG.java:1137)
at org.testng.TestNG.runSuites(TestNG.java:1049)
at org.testng.TestNG.run(TestNG.java:1017)
at org.testng.remote.AbstractRemoteTestNG.run(AbstractRemoteTestNG.java:115)
at org.testng.remote.RemoteTestNG.initAndRun(RemoteTestNG.java:251)
at org.testng.remote.RemoteTestNG.main(RemoteTestNG.java:77)
]]>
            </full-stacktrace>
          </exception> <!-- java.lang.AssertionError -->
          <reporter-output>
          </reporter-output>
        </test-method> <!-- addition -->
        <test-method status="PASS" signature="tearDown()[pri:0, instance:calculator_xendit.test.onlinecalculator_positivetest@4721d212]" name="tearDown" is-config="true" duration-ms="659" started-at="2020-06-21T05:40:12Z" finished-at="2020-06-21T05:40:13Z">
          <reporter-output>
          </reporter-output>
        </test-method> <!-- tearDown -->
      </class> <!-- calculator_xendit.test.onlinecalculator_positivetest -->
    </test> <!-- Default test -->
  </suite> <!-- Default suite -->
</testng-results>
